"../../../YourFirstProject/Content/Maps/TestMap_BuiltData.uasset" 0
"../../../YourFirstProject/Content/Models/Common/Mesh/BaseMaterial.uasset" 1
"../../../YourFirstProject/Content/Models/Common/Mesh/CubeMaterialOverride.uasset" 2
"../../../YourFirstProject/Content/Models/Character/Textures/UE4_LOGO_CARD.uasset" 3
"../../../YourFirstProject/Content/Models/FPWeapon/Materials/MaterialLayers/ML_Plastic_Shiny_Beige_LOGO.uasset" 4
"../../../YourFirstProject/Content/Models/FPWeapon/Materials/MaterialLayers/T_ML_FineRubber.uasset" 5
"../../../YourFirstProject/Content/Models/FPWeapon/Mesh/SK_FPGun_PhysicsAsset.uasset" 6
"../../../YourFirstProject/Content/Models/Stage/Materials/M_LP_Clay.uasset" 7
"../../../YourFirstProject/Content/Models/Stage/Materials/Instances/Clay_Clouds_White_1.uasset" 8
"../../../YourFirstProject/Content/Models/Stage/Materials/Instances/Clay_Debris_Inst_2.uasset" 9
"../../../YourFirstProject/Content/Models/Stage/Materials/Instances/Clay_Flowers_Cyan_1.uasset" 10
"../../../YourFirstProject/Content/Models/Stage/Materials/Instances/Clay_Flowers_Red_1.uasset" 11
"../../../YourFirstProject/Content/Models/Stage/Materials/Instances/Clay_Flowers_Yellow_1.uasset" 12
"../../../YourFirstProject/Content/Models/Stage/Materials/M_LP_Clay2Sided.uasset" 13
"../../../YourFirstProject/Content/Models/Stage/Materials/Instances/Clay_Grass_1.uasset" 14
"../../../YourFirstProject/Content/Models/Stage/Materials/Instances/Clay_Grass_2.uasset" 15
"../../../YourFirstProject/Content/Models/Stage/Materials/Instances/Clay_Grass_3.uasset" 16
"../../../YourFirstProject/Content/Models/Stage/Materials/Instances/Clay_Grass_4.uasset" 17
"../../../YourFirstProject/Content/Models/Stage/Materials/Instances/Clay_Grass_5.uasset" 18
"../../../YourFirstProject/Content/Models/Stage/Materials/Instances/Clay_Inst_2.uasset" 19
"../../../YourFirstProject/Content/Models/Stage/Materials/Instances/Clay_Inst_3.uasset" 20
"../../../YourFirstProject/Content/Models/Stage/Materials/Instances/Clay_Inst_4.uasset" 21
"../../../YourFirstProject/Content/Models/Stage/Materials/Instances/Clay_Mushrooms_Blue.uasset" 22
"../../../YourFirstProject/Content/Models/Stage/Materials/Instances/Clay_Mushrooms_Cyan.uasset" 23
"../../../YourFirstProject/Content/Models/Stage/Materials/Instances/Clay_Mushrooms_Red.uasset" 24
"../../../YourFirstProject/Content/Models/Stage/Materials/Instances/Clay_Mushrooms_Rose.uasset" 25
"../../../YourFirstProject/Content/Models/Stage/Materials/Instances/Clay_Mushrooms_White.uasset" 26
"../../../YourFirstProject/Content/Models/Stage/Materials/Instances/Clay_Mushrooms_Yellow.uasset" 27
"../../../YourFirstProject/Content/Models/Stage/Materials/Instances/Clay_StoneArc_Inst_2.uasset" 28
"../../../YourFirstProject/Content/Models/Stage/Materials/Instances/Clay_StonePeaks_Inst_2.uasset" 29
"../../../Engine/Content/Functions/Engine_MaterialFunctions01/ImageAdjustment/SCurve.uasset" 30
"../../../YourFirstProject/Content/Models/Stage/Materials/M_LP_VertexData2.uasset" 31
"../../../YourFirstProject/Content/Models/Stage/Materials/Instances/LP_Artefacts_1.uasset" 32
"../../../YourFirstProject/Content/Models/Stage/Materials/Instances/LP_Artefacts_2.uasset" 33
"../../../YourFirstProject/Content/Models/Stage/Materials/Instances/LP_Artefacts_3.uasset" 34
"../../../YourFirstProject/Content/Models/Stage/Materials/Instances/LP_Artefacts_4.uasset" 35
"../../../YourFirstProject/Content/Models/Stage/Materials/Instances/LP_Crystals_1.uasset" 36
"../../../YourFirstProject/Content/Models/Stage/Materials/Instances/LP_Crystals_2.uasset" 37
"../../../YourFirstProject/Content/Models/Stage/Materials/Instances/LP_Crystals_3.uasset" 38
"../../../YourFirstProject/Content/Models/Stage/Materials/Instances/LP_Crystals_4.uasset" 39
"../../../YourFirstProject/Content/Models/Stage/Materials/Instances/LP_Crystals_5.uasset" 40
"../../../Engine/Content/Functions/Engine_MaterialFunctions02/Math/TimeWithSpeedVariable.uasset" 41
"../../../YourFirstProject/Content/Models/Stage/Materials/M_LP_Emissive.uasset" 42
"../../../YourFirstProject/Content/Models/Stage/Materials/Instances/LP_Emissive_Blue.uasset" 43
"../../../YourFirstProject/Content/Models/Stage/Materials/Instances/LP_Emissive_Green.uasset" 44
"../../../YourFirstProject/Content/Models/Stage/Materials/Instances/LP_Emissive_Green2.uasset" 45
"../../../YourFirstProject/Content/Models/Stage/Materials/Instances/LP_Emissive_Red.uasset" 46
"../../../YourFirstProject/Content/Models/Stage/Materials/Instances/LP_Emissive_Red2.uasset" 47
"../../../YourFirstProject/Content/Models/Stage/Materials/Instances/LP_Flowers_Stalk_1.uasset" 48
"../../../YourFirstProject/Content/Models/Stage/Materials/Instances/LP_Flowers_Stalk_2.uasset" 49
"../../../YourFirstProject/Content/Models/Stage/Materials/Instances/LP_HEX_Massives_1.uasset" 50
"../../../YourFirstProject/Content/Models/Stage/Materials/Instances/LP_HEX_Massives_2.uasset" 51
"../../../YourFirstProject/Content/Models/Stage/Materials/Instances/LP_HEX_Massives_3.uasset" 52
"../../../YourFirstProject/Content/Models/Stage/Materials/Instances/LP_HEX_Tile_1.uasset" 53
"../../../YourFirstProject/Content/Models/Stage/Materials/Instances/LP_HEX_Tile_2.uasset" 54
"../../../YourFirstProject/Content/Models/Stage/Materials/M_LP_VertexData_RG.uasset" 55
"../../../YourFirstProject/Content/Models/Stage/Materials/Instances/LP_Platform_Island_1.uasset" 56
"../../../YourFirstProject/Content/Models/Stage/Materials/Instances/LP_Platform_Island_2.uasset" 57
"../../../YourFirstProject/Content/Models/Stage/Materials/Instances/LP_Platform_Island_3.uasset" 58
"../../../YourFirstProject/Content/Models/Stage/Materials/Instances/LP_Platform_Island_4.uasset" 59
"../../../YourFirstProject/Content/Models/Stage/Materials/M_LP_VertexData.uasset" 60
"../../../YourFirstProject/Content/Models/Stage/Materials/Instances/LP_Platforms_1.uasset" 61
"../../../YourFirstProject/Content/Models/Stage/Materials/Instances/LP_Rail_1.uasset" 62
"../../../YourFirstProject/Content/Models/Stage/Materials/Instances/LP_Rail_2.uasset" 63
"../../../YourFirstProject/Content/Models/Stage/Materials/Instances/LP_Rail_3.uasset" 64
"../../../YourFirstProject/Content/Models/Stage/Materials/Instances/LP_Slab_Stones_1.uasset" 65
"../../../YourFirstProject/Content/Models/Stage/Materials/Instances/LP_Slab_Stones_2.uasset" 66
"../../../YourFirstProject/Content/Models/Stage/Materials/Instances/LP_Tree_Leaf_2.uasset" 67
"../../../YourFirstProject/Content/Models/Stage/Materials/Instances/LP_Tree_Stalk_1.uasset" 68
"../../../YourFirstProject/Content/Models/Stage/Materials/Instances/LP_TRI_Massives_1.uasset" 69
"../../../YourFirstProject/Content/Models/Stage/Materials/Instances/LP_TRI_Massives_2.uasset" 70
"../../../YourFirstProject/Content/Models/Stage/Materials/Instances/LP_TRI_Tile_1.uasset" 71
"../../../YourFirstProject/Content/Models/Stage/Materials/Instances/LP_Wood_Platforms_3.uasset" 72
"../../../YourFirstProject/Content/Models/Stage/Materials/M_LP_VertexData_Mountain.uasset" 73
"../../../YourFirstProject/Content/Models/Stage/Materials/Instances/Mountain_Inst_1.uasset" 74
"../../../YourFirstProject/Content/Models/Stage/Materials/Instances/Mountain_Inst_2.uasset" 75
"../../../YourFirstProject/Content/Particles/Textures/T_Dust_Particle_D.uasset" 76
"../../../YourFirstProject/Content/Particles/Materials/M_Dust_Particle.uasset" 77
"../../../YourFirstProject/Content/Particles/P_Ambient_Dust.uasset" 78
"../../../YourFirstProject/Content/Particles/Textures/T_Burst_M.uasset" 79
"../../../YourFirstProject/Content/Particles/Materials/M_Burst.uasset" 80
"../../../YourFirstProject/Content/Particles/Textures/T_Explosion_SubUV.uasset" 81
"../../../YourFirstProject/Content/Particles/Materials/M_explosion_subUV.uasset" 82
"../../../YourFirstProject/Content/Particles/Materials/m_flare_01.uasset" 83
"../../../Engine/Content/Functions/Engine_MaterialFunctions01/Gradient/RadialGradient.uasset" 84
"../../../YourFirstProject/Content/Particles/Materials/M_radial_ramp.uasset" 85
"../../../YourFirstProject/Content/Particles/Textures/T_Smoke_SubUV.uasset" 86
"../../../YourFirstProject/Content/Particles/Textures/T_Smoke_Tiled_D.uasset" 87
"../../../YourFirstProject/Content/Particles/Materials/M_smoke_subUV.uasset" 88
"../../../YourFirstProject/Content/Particles/P_Explosion.uasset" 89
"../../../YourFirstProject/Content/Particles/Textures/T_Fire_SubUV.uasset" 90
"../../../YourFirstProject/Content/Particles/Textures/T_Fire_Tiled_D.uasset" 91
"../../../YourFirstProject/Content/Particles/Materials/M_Fire_SubUV.uasset" 92
"../../../YourFirstProject/Content/Particles/Textures/T_Water_N.uasset" 93
"../../../YourFirstProject/Content/Particles/Materials/M_Heat_Distortion.uasset" 94
"../../../YourFirstProject/Content/Particles/Materials/M_Radial_Gradient.uasset" 95
"../../../YourFirstProject/Content/Particles/P_Fire.uasset" 96
"../../../YourFirstProject/Content/Particles/P_Smoke.uasset" 97
"../../../YourFirstProject/Content/Particles/Textures/T_Spark_Core.uasset" 98
"../../../YourFirstProject/Content/Particles/Materials/M_Spark.uasset" 99
"../../../YourFirstProject/Content/Particles/P_Sparks.uasset" 100
"../../../YourFirstProject/Content/Particles/P_Steam_Lit.uasset" 101
"../../../Engine/Content/Functions/Engine_MaterialFunctions01/Opacity/CameraDepthFade.uasset" 102
"../../../Engine/Content/EngineMaterials/T_Default_Material_Grid_M.uasset" 103
"../../../Engine/Content/EngineMaterials/T_Default_Material_Grid_N.uasset" 104
"../../../Engine/Content/EngineMaterials/DefaultMaterial.uasset" 105
"../../../Engine/Content/BasicShapes/Cone.uasset" 106
"../../../Engine/Content/EngineMaterials/WorldGridMaterial.uasset" 107
"../../../Engine/Content/BasicShapes/Cube.uasset" 108
"../../../Engine/Content/BasicShapes/Cylinder.uasset" 109
"../../../Engine/Content/BasicShapes/Sphere.uasset" 110
"../../../Engine/Content/EditorLandscapeResources/DataLayer.uasset" 111
"../../../Engine/Content/EditorMaterials/GizmoMaterial.uasset" 112
"../../../Engine/Content/EditorMaterials/MAT_Groups_Toggle.uasset" 113
"../../../Engine/Content/EditorMaterials/MAT_Groups_Visibility.uasset" 114
"../../../Engine/Content/EditorMaterials/PreviewShadowIndicator.uasset" 115
"../../../Engine/Content/EditorMaterials/PreviewShadowIndicatorMaterial.uasset" 116
"../../../Engine/Content/EditorMaterials/MatineeGroups/MAT_ColorTrack.uasset" 117
"../../../Engine/Content/EditorMaterials/MatineeGroups/MAT_Groups_Anim.uasset" 118
"../../../Engine/Content/EditorMaterials/MatineeGroups/MAT_Groups_AudioMaster.uasset" 119
"../../../Engine/Content/EditorMaterials/MatineeGroups/MAT_Groups_Director.uasset" 120
"../../../Engine/Content/EditorMaterials/MatineeGroups/MAT_Groups_Event.uasset" 121
"../../../Engine/Content/EditorMaterials/MatineeGroups/MAT_Groups_Fade.uasset" 122
"../../../Engine/Content/EditorMaterials/MatineeGroups/MAT_Groups_Float.uasset" 123
"../../../Engine/Content/EditorMaterials/MatineeGroups/MAT_Groups_Move.uasset" 124
"../../../Engine/Content/EditorMaterials/MatineeGroups/MAT_Groups_Slomo.uasset" 125
"../../../Engine/Content/EditorMaterials/MatineeGroups/MAT_Groups_Sound.uasset" 126
"../../../Engine/Content/EditorMaterials/MatineeGroups/MAT_Groups_Vector.uasset" 127
"../../../Engine/Content/EditorMaterials/ParticleSystems/PSysThumbnail_NoImage.uasset" 128
"../../../Engine/Content/EditorMaterials/ParticleSystems/PSysThumbnail_OOD.uasset" 129
"../../../Engine/Content/EditorMaterials/Camera/CineMat.uasset" 130
"../../../Engine/Content/EditorMaterials/Camera/MI_CineMat_Rig.uasset" 131
"../../../Engine/Content/EditorMeshes/Camera/SM_CraneRig_Arm.uasset" 132
"../../../Engine/Content/EditorMeshes/Camera/SM_CraneRig_Base.uasset" 133
"../../../Engine/Content/EditorMeshes/Camera/SM_CraneRig_Body.uasset" 134
"../../../Engine/Content/EditorMeshes/Camera/SM_CraneRig_Mount.uasset" 135
"../../../Engine/Content/EditorMeshes/Camera/SM_RailRig_Mount.uasset" 136
"../../../Engine/Content/EditorMeshes/Camera/SM_RailRig_Track.uasset" 137
"../../../Engine/Content/EditorMeshes/ColorCalibrator/M_ChromeBall.uasset" 138
"../../../Engine/Content/EditorMeshes/ColorCalibrator/M_ClearCoat.uasset" 139
"../../../Engine/Content/EditorMeshes/ColorCalibrator/M_ClearCoatBlack.uasset" 140
"../../../Engine/Content/EditorMeshes/ColorCalibrator/Color_checker.uasset" 141
"../../../Engine/Content/EditorMeshes/ColorCalibrator/M_ColorGrid.uasset" 142
"../../../Engine/Content/EditorMeshes/ColorCalibrator/M_GreyBall.uasset" 143
"../../../Engine/Content/EditorMeshes/ColorCalibrator/SM_ColorCalibrator.uasset" 144
"../../../Engine/Content/EditorResources/BSPVertex.uasset" 145
"../../../Engine/Content/EditorResources/EmptyActor.uasset" 146
"../../../Engine/Content/EditorResources/S_Actor.uasset" 147
"../../../Engine/Content/EditorResources/S_Trigger.uasset" 148
"../../../Engine/Content/EditorResources/LightIcons/S_LightError.uasset" 149
"../../../Engine/Content/EditorSounds/Notifications/CompileFailed.uasset" 150
"../../../Engine/Content/EditorSounds/Notifications/CompileFailed_Cue.uasset" 151
"../../../Engine/Content/EditorSounds/Notifications/CompileSuccess.uasset" 152
"../../../Engine/Content/EditorSounds/Notifications/CompileStart_Cue.uasset" 153
"../../../Engine/Content/EditorSounds/Notifications/CompileSuccess_Cue.uasset" 154
"../../../Engine/Content/EngineDamageTypes/DmgTypeBP_Environmental.uasset" 155
"../../../Engine/Content/EngineDebugMaterials/HeatmapGradient.uasset" 156
"../../../Engine/Content/EngineDebugMaterials/BoneWeightMaterial.uasset" 157
"../../../Engine/Content/EngineDebugMaterials/ClothMaterial.uasset" 158
"../../../Engine/Content/EngineDebugMaterials/ClothMaterial_WF.uasset" 159
"../../../Engine/Content/EngineDebugMaterials/DebugEditorMaterial.uasset" 160
"../../../Engine/Content/EngineDebugMaterials/DebugMeshMaterial.uasset" 161
"../../../Engine/Content/EngineDebugMaterials/GeomMaterial.uasset" 162
"../../../Engine/Content/EngineFonts/Faces/RobotoBold.uasset" 163
"../../../Engine/Content/EngineFonts/Faces/RobotoBoldItalic.uasset" 164
"../../../Engine/Content/EngineFonts/Faces/RobotoItalic.uasset" 165
"../../../Engine/Content/EngineFonts/Faces/RobotoLight.uasset" 166
"../../../Engine/Content/EngineFonts/Faces/RobotoRegular.uasset" 167
"../../../Engine/Content/EngineFonts/Roboto.uasset" 168
"../../../Engine/Content/EngineFonts/Faces/RobotoTiny.uasset" 169
"../../../Engine/Content/EngineFonts/RobotoTiny.uasset" 170
"../../../Engine/Content/EngineMaterials/DefaultBloomKernel.uasset" 171
"../../../Engine/Content/EngineMaterials/DefaultBokeh.uasset" 172
"../../../Engine/Content/EngineMaterials/DefaultDiffuse.uasset" 173
"../../../Engine/Content/EngineMaterials/DefaultDeferredDecalMaterial.uasset" 174
"../../../Engine/Content/EngineMaterials/DefaultLightFunctionMaterial.uasset" 175
"../../../Engine/Content/EngineMaterials/DefaultPhysicalMaterial.uasset" 176
"../../../Engine/Content/Functions/Engine_MaterialFunctions02/Utility/BreakOutFloat2Components.uasset" 177
"../../../Engine/Content/EngineMaterials/DefaultPostProcessMaterial.uasset" 178
"../../../Engine/Content/EngineFonts/RobotoDistanceField.uasset" 179
"../../../Engine/Content/EngineMaterials/DefaultTextMaterialOpaque.uasset" 180
"../../../Engine/Content/EngineMaterials/DefaultWhiteGrid.uasset" 181
"../../../Engine/Content/EngineMaterials/EditorBrushMaterial.uasset" 182
"../../../Engine/Content/EngineMaterials/Good64x64TilingNoiseHighFreq.uasset" 183
"../../../Engine/Content/EngineMaterials/InvalidLightmapSettings.uasset" 184
"../../../Engine/Content/EngineMaterials/M_InvalidLightmapSettings.uasset" 185
"../../../Engine/Content/EngineMaterials/MiniFont.uasset" 186
"../../../Engine/Content/Functions/Engine_MaterialFunctions02/WorldPositionOffset/CameraOffset.uasset" 187
"../../../Engine/Content/EngineMaterials/PhAT_JointLimitMaterial.uasset" 188
"../../../Engine/Content/EngineMaterials/PreintegratedSkinBRDF.uasset" 189
"../../../Engine/Content/EngineMaterials/RemoveSurfaceMaterial.uasset" 190
"../../../Engine/Content/EngineMaterials/WeightMapPlaceholderTexture.uasset" 191
"../../../Engine/Content/EngineResources/WhiteSquareTexture.uasset" 192
"../../../Engine/Content/EngineMaterials/Widget3DPassThrough.uasset" 193
"../../../Engine/Content/EngineMaterials/Widget3DPassThrough_Masked.uasset" 194
"../../../Engine/Content/EngineMaterials/Widget3DPassThrough_Opaque.uasset" 195
"../../../Engine/Content/EngineMaterials/Widget3DPassThrough_Masked_OneSided.uasset" 196
"../../../Engine/Content/EngineMaterials/Widget3DPassThrough_Opaque_OneSided.uasset" 197
"../../../Engine/Content/EngineMaterials/Widget3DPassThrough_Translucent.uasset" 198
"../../../Engine/Content/EngineMaterials/Widget3DPassThrough_Translucent_OneSided.uasset" 199
"../../../Engine/Content/EngineMeshes/Cube.uasset" 200
"../../../Engine/Content/EngineMeshes/Cylinder.uasset" 201
"../../../Engine/Content/EngineMeshes/Sphere.uasset" 202
"../../../Engine/Content/EngineResources/Black.uasset" 203
"../../../Engine/Content/EngineResources/DefaultTexture.uasset" 204
"../../../Engine/Content/EngineResources/DefaultTextureCube.uasset" 205
"../../../Engine/Content/EngineResources/GradientTexture0.uasset" 206
"../../../Engine/Content/EngineSounds/Master.uasset" 207
"../../../Engine/Content/Functions/Engine_MaterialFunctions01/Shading/ConvertFromDiffSpec.uasset" 208
"../../../Engine/Content/Functions/Engine_MaterialFunctions01/Shading/PowerToRoughness.uasset" 209
"../../../Engine/Content/Maps/Templates/Thumbnails/Default.uasset" 210
"../../../Engine/Content/Maps/Templates/Thumbnails/VR-Basic.uasset" 211
"../../../Engine/Content/MobileResources/T_MobileControls_texture.uasset" 212
"../../../Engine/Content/MobileResources/T_MobileMenu2.uasset" 213
"../../../Engine/Content/MobileResources/HUD/AnalogHat.uasset" 214
"../../../Engine/Content/MobileResources/HUD/VirtualJoystick_Background.uasset" 215
"../../../Engine/Content/MobileResources/HUD/VirtualJoystick_Thumb.uasset" 216
"../../../Engine/Content/MobileResources/HUD/DefaultVirtualJoysticks.uasset" 217
"../../../Engine/Content/MobileResources/HUD/LeftVirtualJoystickOnly.uasset" 218
"../../../Engine/Content/MobileResources/HUD/MobileHUDButton1_off.uasset" 219
"../../../Engine/Content/MobileResources/HUD/MobileHUDButton1_on.uasset" 220
"../../../Engine/Content/MobileResources/HUD/MobileHUDButton2_off.uasset" 221
"../../../Engine/Content/MobileResources/HUD/MobileHUDButton2_on.uasset" 222
"../../../Engine/Content/MobileResources/HUD/MobileHUDButton3.uasset" 223
"../../../Engine/Content/MobileResources/HUD/MobileHUDButtonFire.uasset" 224
"../../../Engine/Content/MobileResources/HUD/MobileHUDDirectionPad.uasset" 225
"../../../Engine/Content/MobileResources/HUD/MobileHUDDirectionPad2.uasset" 226
"../../../Engine/Content/MobileResources/HUD/MobileHUDDirectionPad3.uasset" 227
"../../../Engine/Content/MobileResources/HUD/MobileHUDDirectionStick.uasset" 228
"../../../Engine/Content/MobileResources/HUD/T_Castle_ThumbstickInner.uasset" 229
"../../../Engine/Content/MobileResources/HUD/T_Castle_ThumbstickOutter.uasset" 230
"../../../Engine/Content/Tutorial/ContentIntroCurve.uasset" 231
"../../../Engine/Content/Tutorial/Basics/TutorialAssets/icon_tab_Levels_40x.uasset" 232
"../../../Engine/Content/Tutorial/BlueprintTutorials/TutorialAssets/Blueprint_64x.uasset" 233
"../../../Engine/Content/Tutorial/BlueprintTutorials/TutorialAssets/BlueprintInterface_64x.uasset" 234
"../../../Engine/Content/Tutorial/BlueprintTutorials/TutorialAssets/BlueprintMacroLibrary_64x.uasset" 235
"../../../Engine/Content/Tutorial/BlueprintTutorials/TutorialAssets/Tutorial_BP_Interface.uasset" 236
"../../../Engine/Content/Tutorial/Foliage/TutorialAssets/Foliage.uasset" 237
"../../../Engine/Content/Tutorial/Landscape/TutorialAssets/Landscape.uasset" 238
"../../../Engine/Content/Tutorial/Paper2D/TutorialAssets/Paper2DFlipbook_TutorialIcon.uasset" 239
"../../../Engine/Content/Tutorial/Paper2D/TutorialAssets/Paper2DSprite_TutorialIcon.uasset" 240
"../../../Engine/Content/Tutorial/SubEditors/TutorialAssets/icon_Editor_Preferences_General_40x.uasset" 241
"../../../Engine/Content/Tutorial/SubEditors/TutorialAssets/icon_ShowSkeletalMeshes_40x.uasset" 242
"../../../Engine/Content/Tutorial/SubEditors/TutorialAssets/TutorialMaterial.uasset" 243
"../../../Engine/Content/Tutorial/SubEditors/TutorialAssets/T_SmokeSubUV_8X8.uasset" 244
"../../../Engine/Content/Tutorial/SubEditors/TutorialAssets/T_soft_smoke.uasset" 245
"../../../Engine/Content/Tutorial/SubEditors/TutorialAssets/M_smoke_subUV_blackbody.uasset" 246
"../../../Engine/Content/Tutorial/SubEditors/TutorialAssets/TutorialParticleSystem.uasset" 247
"../../../Engine/Content/VREditor/Devices/Generic/GenericHMDMaterial.uasset" 248
"../../../Engine/Content/VREditor/Devices/Generic/GenericHMD.uasset" 249
"../../../Engine/Content/VREditor/FloatingText/LineMaterial.uasset" 250
"../../../Engine/Content/VREditor/FloatingText/JointSphere.uasset" 251
"../../../Engine/Content/VREditor/FloatingText/LineSegmentCylinder.uasset" 252
"../../../Engine/Content/VREditor/Fonts/VRText_RobotoLarge.uasset" 253
"../../../Engine/Content/VREditor/Fonts/VRTextMaterial.uasset" 254
"../../../Engine/Content/VREditor/Fonts/TranslucentVRTextMaterial.uasset" 255
"../../../Engine/Content/VREditor/LaserPointer/CursorPointer.uasset" 256
"../../../Engine/Content/VREditor/LaserPointer/VR_LaserPower_01.uasset" 257
"../../../Engine/Content/VREditor/TransformGizmo/TransformGizmoMaterial.uasset" 258
"../../../Engine/Content/VREditor/LaserPointer/HoverMaterial.uasset" 259
"../../../Engine/Content/VREditor/TransformGizmo/TranslucentTransformGizmoMaterial.uasset" 260
"../../../Engine/Content/VREditor/LaserPointer/TranslucentHoverMaterial.uasset" 261
"../../../Engine/Content/VREditor/LaserPointer/HoverMesh.uasset" 262
"../../../Engine/Content/VREditor/LaserPointer/LaserPointerMaterial.uasset" 263
"../../../Engine/Content/VREditor/LaserPointer/LaserPointerMaterialInst.uasset" 264
"../../../Engine/Content/VREditor/LaserPointer/TranslucentLaserPointerMaterialInst.uasset" 265
"../../../Engine/Content/VREditor/LaserPointer/LaserPointerMesh.uasset" 266
"../../../Engine/Content/VREditor/LaserPointer/LaserPointerMesh_End.uasset" 267
"../../../Engine/Content/VREditor/LaserPointer/LaserPointerMesh_Start.uasset" 268
"../../../Engine/Content/Functions/Engine_MaterialFunctions02/Utility/BreakOutFloat3Components.uasset" 269
"../../../Engine/Content/Functions/Engine_MaterialFunctions02/Math/Transform3x3Matrix.uasset" 270
"../../../Engine/Content/Functions/Engine_MaterialFunctions02/SplitComponents.uasset" 271
"../../../Engine/Content/Functions/Engine_MaterialFunctions02/Utility/MakeFloat3.uasset" 272
"../../../Engine/Content/VREditor/SnapGrid/SnapGridMaterial.uasset" 273
"../../../Engine/Content/VREditor/SnapGrid/SnapGridPlaneMesh.uasset" 274
"../../../Engine/Content/VREditor/Sounds/VR_teleport.uasset" 275
"../../../Engine/Content/VREditor/Sounds/UI/Click_on_Button_Cue.uasset" 276
"../../../Engine/Content/VREditor/Sounds/UI/Dockable_Window_Close.uasset" 277
"../../../Engine/Content/VREditor/Sounds/UI/Dockable_Window_Drop.uasset" 278
"../../../Engine/Content/VREditor/Sounds/UI/Dockable_Window_Open.uasset" 279
"../../../Engine/Content/VREditor/Sounds/UI/Dockable_Window_Pick_Up.uasset" 280
"../../../Engine/Content/VREditor/Sounds/UI/Drop_Item_From_ContentBrowser.uasset" 281
"../../../Engine/Content/VREditor/Sounds/UI/Floating_UI_Open-001.uasset" 282
"../../../Engine/Content/VREditor/Sounds/UI/Gizmo_Handle_Clicked.uasset" 283
"../../../Engine/Content/VREditor/Sounds/UI/Object_PickUp.uasset" 284
"../../../Engine/Content/VREditor/Sounds/UI/Object_Snaps_To_Another_Actor.uasset" 285
"../../../Engine/Content/VREditor/Sounds/UI/Object_Snaps_To_Grid.uasset" 286
"../../../Engine/Content/VREditor/Sounds/UI/Radial_Menu_FadeOut.uasset" 287
"../../../Engine/Content/VREditor/Sounds/UI/Scaling_Down.uasset" 288
"../../../Engine/Content/VREditor/Sounds/UI/Scaling_Up.uasset" 289
"../../../Engine/Content/VREditor/Sounds/UI/Selection_Changes.uasset" 290
"../../../Engine/Content/VREditor/Sounds/UI/Teleport_Mode_Entered.uasset" 291
"../../../Engine/Content/VREditor/Teleport/TeleportDirectionMaterial.uasset" 292
"../../../Engine/Content/VREditor/Teleport/TeleportDirectionMaterial_Inst.uasset" 293
"../../../Engine/Content/VREditor/Teleport/TeleportDirectionMesh.uasset" 294
"../../../Engine/Content/VREditor/TransformGizmo/BoundingBoxCorner.uasset" 295
"../../../Engine/Content/VREditor/TransformGizmo/BoundingBoxEdge.uasset" 296
"../../../Engine/Content/VREditor/TransformGizmo/PlaneTranslationHandle.uasset" 297
"../../../Engine/Content/VREditor/TransformGizmo/RotationHandleFull.uasset" 298
"../../../Engine/Content/VREditor/TransformGizmo/RotationHandleIndicator.uasset" 299
"../../../Engine/Content/VREditor/TransformGizmo/RotationHandleQuarter.uasset" 300
"../../../Engine/Content/VREditor/TransformGizmo/Main.uasset" 301
"../../../Engine/Content/VREditor/TransformGizmo/Xray.uasset" 302
"../../../Engine/Content/VREditor/TransformGizmo/SM_Dialog_Close.uasset" 303
"../../../Engine/Content/VREditor/TransformGizmo/SM_Dialog_Move.uasset" 304
"../../../Engine/Content/VREditor/TransformGizmo/SM_Sequencer_Key.uasset" 305
"../../../Engine/Content/VREditor/TransformGizmo/SM_Sequencer_Node.uasset" 306
"../../../Engine/Content/VREditor/TransformGizmo/StartRotationHandleIndicator.uasset" 307
"../../../Engine/Content/VREditor/TransformGizmo/TranslucentTransformGizmoMaterial_Inst.uasset" 308
"../../../Engine/Content/VREditor/TransformGizmo/TransformGizmoFreeRotation.uasset" 309
"../../../Engine/Content/VREditor/TransformGizmo/TransformGizmoMaterial_Inst.uasset" 310
"../../../Engine/Content/VREditor/TransformGizmo/TranslateArrowHandle.uasset" 311
"../../../Engine/Content/VREditor/TransformGizmo/UniformScaleHandle.uasset" 312
"../../../Engine/Content/VREditor/UI/KeyDiskMaterial.uasset" 313
"../../../Engine/Content/VREditor/UI/DiscMaterial.uasset" 314
"../../../Engine/Content/VREditor/UI/SM_Radial_Disk.uasset" 315
"../../../Engine/Content/VREditor/WorldMovementGrid/SimpleGrid.uasset" 316
"../../../Engine/Content/VREditor/WorldMovementGrid/GridMaterial.uasset" 317
"../../../Engine/Content/Functions/Engine_MaterialFunctions01/Density/ExponentialDensity.uasset" 318
"../../../Engine/Content/VREditor/WorldMovementGrid/GridPostProcess.uasset" 319
"../../../Engine/Content/EditorLandscapeResources/FlattenHeightMat.uasset" 320
"../../../Engine/Content/VREditor/WorldMovementGrid/PlaneMesh.uasset" 321
"../../../Engine/Plugins/2D/Paper2D/Content/PlaceholderTextures/DummySpriteTexture.uasset" 322
"../../../Engine/Plugins/2D/Paper2D/Content/DummySprite.uasset" 323
"../../../Engine/Plugins/2D/Paper2D/Content/DefaultPaperTerrainMaterial.uasset" 324
"../../../Engine/Plugins/2D/Paper2D/Content/DefaultSpriteMaterial.uasset" 325
"../../../Engine/Plugins/2D/Paper2D/Content/MaskedUnlitSpriteMaterial.uasset" 326
"../../../Engine/Plugins/2D/Paper2D/Content/OpaqueUnlitSpriteMaterial.uasset" 327
"../../../Engine/Plugins/Media/MediaCompositing/Content/DefaultMediaPlaneMaterial.uasset" 328
"../../../Engine/Content/Functions/Engine_MaterialFunctions01/Texturing/ScaleUVsByCenter.uasset" 329
"../../../Engine/Content/Functions/Engine_MaterialFunctions02/Utility/MakeFloat4.uasset" 330
"../../../Engine/Plugins/Runtime/AppleARKit/Content/ARKitCameraMaterial.uasset" 331
"../../../YourFirstProject/Content/Models/Character/Mesh/SK_Mannequin_Arms_Skeleton.uasset" 332
"../../../YourFirstProject/Content/Models/Character/Animations/FirstPerson_Idle.uasset" 333
"../../../YourFirstProject/Content/Models/Character/Animations/FirstPerson_JumpEnd.uasset" 334
"../../../YourFirstProject/Content/Models/Character/Animations/FirstPerson_JumpLoop.uasset" 335
"../../../YourFirstProject/Content/Models/Character/Animations/FirstPerson_JumpStart.uasset" 336
"../../../YourFirstProject/Content/Models/Character/Animations/FirstPerson_Run.uasset" 337
"../../../Engine/Content/EditorBlueprintResources/StandardMacros.uasset" 338
"../../../YourFirstProject/Content/Models/Character/Animations/FirstPerson_AnimBP.uasset" 339
"../../../YourFirstProject/Content/Models/Character/Animations/FirstPerson_Fire.uasset" 340
"../../../YourFirstProject/Content/Models/Character/Animations/FirstPersonFire_Montage.uasset" 341
"../../../YourFirstProject/Content/Models/Common/Mesh/FirstPersonProjectileMaterial.uasset" 342
"../../../YourFirstProject/Content/Models/Common/Mesh/FirstPersonProjectileMesh.uasset" 343
"../../../YourFirstProject/Content/Blueprints/FirstPersonProjectile.uasset" 344
"../../../YourFirstProject/Content/Audio/FirstPersonTemplateWeaponFire02.uasset" 345
"../../../Engine/Content/Functions/Engine_MaterialFunctions02/Utility/BlendAngleCorrectedNormals.uasset" 346
"../../../Engine/Content/Functions/MaterialLayerFunctions/MatLayerBlend_NormalBlend.uasset" 347
"../../../Engine/Content/Functions/MaterialLayerFunctions/MatLayerBlend_Simple.uasset" 348
"../../../YourFirstProject/Content/Models/Character/Materials/MaterialLayers/T_ML_Rubber_Blue_01_D.uasset" 349
"../../../YourFirstProject/Content/Models/Character/Materials/MaterialLayers/T_ML_Rubber_Blue_01_N.uasset" 350
"../../../YourFirstProject/Content/Models/Character/Materials/MaterialLayers/ML_GlossyBlack_Latex_UE4.uasset" 351
"../../../YourFirstProject/Content/Models/Character/Materials/MaterialLayers/ML_Plastic_Shiny_Beige.uasset" 352
"../../../YourFirstProject/Content/Models/Character/Materials/MaterialLayers/ML_Plastic_Shiny_Beige_LOGO.uasset" 353
"../../../YourFirstProject/Content/Models/Character/Materials/MaterialLayers/T_ML_Aluminum01.uasset" 354
"../../../YourFirstProject/Content/Models/Character/Materials/MaterialLayers/T_ML_Aluminum01_N.uasset" 355
"../../../YourFirstProject/Content/Models/Character/Materials/MaterialLayers/ML_SoftMetal_UE4.uasset" 356
"../../../YourFirstProject/Content/Models/Character/Textures/UE4_Mannequin__normals.uasset" 357
"../../../YourFirstProject/Content/Models/Character/Textures/UE4_Mannequin_MAT_MASKA.uasset" 358
"../../../YourFirstProject/Content/Models/Character/Materials/M_UE4Man_Body.uasset" 359
"../../../YourFirstProject/Content/Models/Character/Mesh/SK_Mannequin_Arms_PhysicsAsset.uasset" 360
"../../../YourFirstProject/Content/Models/Character/Mesh/SK_Mannequin_Arms.uasset" 361
"../../../YourFirstProject/Content/Models/FPWeapon/Materials/MaterialLayers/T_ML_Rubber_Blue_01_D.uasset" 362
"../../../YourFirstProject/Content/Models/FPWeapon/Materials/MaterialLayers/T_ML_Rubber_Blue_01_N.uasset" 363
"../../../YourFirstProject/Content/Models/FPWeapon/Materials/MaterialLayers/ML_GlossyBlack_Latex_UE4.uasset" 364
"../../../YourFirstProject/Content/Models/FPWeapon/Materials/MaterialLayers/ML_Plastic_Shiny_Beige.uasset" 365
"../../../YourFirstProject/Content/Models/FPWeapon/Materials/MaterialLayers/ML_Screen.uasset" 366
"../../../YourFirstProject/Content/Models/FPWeapon/Materials/MaterialLayers/T_ML_Aluminum01.uasset" 367
"../../../YourFirstProject/Content/Models/FPWeapon/Materials/MaterialLayers/T_ML_Aluminum01_N.uasset" 368
"../../../YourFirstProject/Content/Models/FPWeapon/Materials/MaterialLayers/ML_SoftMetal_UE4.uasset" 369
"../../../YourFirstProject/Content/Models/FPWeapon/Textures/T_FPGun_M.uasset" 370
"../../../YourFirstProject/Content/Models/FPWeapon/Textures/T_FPGun_N.uasset" 371
"../../../YourFirstProject/Content/Models/FPWeapon/Materials/M_FPGun.uasset" 372
"../../../YourFirstProject/Content/Models/FPWeapon/Mesh/SK_FPGun_Skeleton.uasset" 373
"../../../YourFirstProject/Content/Models/FPWeapon/Mesh/SK_FPGun.uasset" 374
"../../../YourFirstProject/Content/Blueprints/FirstPersonCharacter.uasset" 375
"../../../Engine/Content/EngineSky/C_Sky_Cloud_Color.uasset" 376
"../../../Engine/Content/EngineSky/C_Sky_Horizon_Color.uasset" 377
"../../../Engine/Content/EngineSky/C_Sky_Zenith_Color.uasset" 378
"../../../Engine/Content/EngineSky/T_Sky_Blue.uasset" 379
"../../../Engine/Content/EngineSky/T_Sky_Clouds_M.uasset" 380
"../../../Engine/Content/EngineSky/T_Sky_Stars.uasset" 381
"../../../Engine/Content/EngineSky/M_Sky_Panning_Clouds2.uasset" 382
"../../../Engine/Content/EngineSky/SM_SkySphere.uasset" 383
"../../../Engine/Content/EngineSky/BP_Sky_Sphere.uasset" 384
"../../../YourFirstProject/Content/Models/Character/Textures/UnrealLogoTexture.uasset" 385
"../../../YourFirstProject/Content/Models/Character/Textures/UnrealLogoMaterial.uasset" 386
"../../../YourFirstProject/Content/Models/UnrealLogo/UnrealLogo.uasset" 387
"../../../YourFirstProject/Content/Models/UnrealLogo/UnrealLogo_DM.uasset" 388
"../../../YourFirstProject/Content/Blueprints/BP_UnrealLogo_DM.uasset" 389
"../../../YourFirstProject/Content/Models/Character/Textures/FirstPersonCrosshair.uasset" 390
"../../../YourFirstProject/Content/Blueprints/FirstPersonHUD.uasset" 391
"../../../YourFirstProject/Content/Blueprints/FirstPersonGameMode.uasset" 392
"../../../YourFirstProject/Content/Maps/MainMap_BuiltData.uasset" 393
"../../../YourFirstProject/Content/Models/Stage/Materials/Instances/Clay_Debris_Inst_1.uasset" 394
"../../../YourFirstProject/Content/Models/Stage/Materials/Instances/Clay_Ground.uasset" 395
"../../../YourFirstProject/Content/Models/Stage/Materials/Instances/Clay_Inst_1.uasset" 396
"../../../YourFirstProject/Content/Models/Stage/Materials/Instances/Clay_StoneArc_Inst_1.uasset" 397
"../../../YourFirstProject/Content/Models/Stage/Materials/Instances/Clay_StonePeaks_Inst_1.uasset" 398
"../../../YourFirstProject/Content/Models/Stage/Materials/Instances/LP_Platform_Island_5.uasset" 399
"../../../YourFirstProject/Content/Models/Stage/Materials/Instances/LP_Platform_Island_6.uasset" 400
"../../../YourFirstProject/Content/Models/Stage/Materials/Instances/LP_Platforms_2.uasset" 401
"../../../YourFirstProject/Content/Models/Stage/Materials/Instances/LP_Platforms_3.uasset" 402
"../../../YourFirstProject/Content/Models/Stage/Materials/Instances/LP_Stone_Peaks.uasset" 403
"../../../YourFirstProject/Content/Models/Stage/Materials/Instances/LP_Tree_Leaf_1.uasset" 404
"../../../YourFirstProject/Content/Models/Stage/Materials/Instances/LP_Tree_Leaf_3.uasset" 405
"../../../YourFirstProject/Content/Models/Stage/Materials/Instances/LP_Tree_Old_Stalk_1.uasset" 406
"../../../YourFirstProject/Content/Models/Stage/Materials/Instances/LP_Tree_Old_Stalk_2.uasset" 407
"../../../YourFirstProject/Content/Models/Stage/Materials/Instances/LP_Tree_Root_1.uasset" 408
"../../../YourFirstProject/Content/Models/Stage/Materials/Instances/LP_Wood_Platforms_0.uasset" 409
"../../../YourFirstProject/Content/Models/Stage/Materials/Instances/LP_Wood_Platforms_1.uasset" 410
"../../../YourFirstProject/Content/Models/Stage/Materials/Instances/LP_Wood_Platforms_2.uasset" 411
"../../../YourFirstProject/Content/Models/Stage/Materials/Instances/Mountain_Inst_0.uasset" 412
"../../../Engine/Content/Functions/Engine_MaterialFunctions01/Gradient/RadialGradientExponential.uasset" 413
"../../../YourFirstProject/Content/Models/Stage/Textures/Water_normal_1.uasset" 414
"../../../YourFirstProject/Content/Models/Stage/Materials/M_WaterPlane.uasset" 415
"../../../YourFirstProject/Content/Models/Stage/Materials/Instances/WaterPlane_Inst.uasset" 416
"../../../Engine/Content/MapTemplates/SM_Template_Map_Floor.uasset" 417
"../../../YourFirstProject/Content/Blueprints/Widgets/BP_Score_Widget.uasset" 418
"../../../YourFirstProject/Content/Models/Stage/Mesh/SGS_LP_Bricks_1.uasset" 419
"../../../YourFirstProject/Content/Models/Stage/Mesh/SGS_LP_Fence_36.uasset" 420
"../../../YourFirstProject/Content/Models/Stage/Mesh/SGS_LP_Fence_37.uasset" 421
"../../../YourFirstProject/Content/Models/Stage/Mesh/SGS_LP_Fence_38.uasset" 422
"../../../YourFirstProject/Content/Models/Stage/Mesh/SGS_LP_Fence_40.uasset" 423
"../../../YourFirstProject/Content/Models/Stage/Mesh/SGS_LP_Fence_45.uasset" 424
"../../../YourFirstProject/Content/Models/Stage/Mesh/SGS_LP_MountainBack_26.uasset" 425
"../../../YourFirstProject/Content/Models/Stage/Mesh/SGS_LP_MountainBack_38.uasset" 426
"../../../YourFirstProject/Content/Models/Stage/Mesh/SGS_LP_MountainBack_49.uasset" 427
"../../../YourFirstProject/Content/Models/Stage/Mesh/SGS_LP_Platforms_14.uasset" 428
"../../../YourFirstProject/Content/Models/Stage/Mesh/SGS_LP_Platforms_5.uasset" 429
"../../../YourFirstProject/Content/Models/Stage/Mesh/SGS_LP_Platforms_89.uasset" 430
"../../../YourFirstProject/Content/Models/Stage/Mesh/SGS_LP_Platforms_Islands_2_12.uasset" 431
"../../../YourFirstProject/Content/Models/Stage/Mesh/SGS_LP_Platforms_Islands_2_14.uasset" 432
"../../../YourFirstProject/Content/Models/Stage/Mesh/SGS_LP_Platforms_Islands_2_24.uasset" 433
"../../../YourFirstProject/Content/Models/Stage/Mesh/SGS_LP_Platforms_Islands_2_9.uasset" 434
"../../../YourFirstProject/Content/Models/Stage/Mesh/SGS_LP_Universe_Peak_22.uasset" 435
"../../../YourFirstProject/Content/Models/Stage/Mesh/SGS_LP_Universe_Peak_25.uasset" 436
"../../../YourFirstProject/Content/Models/Stage/Mesh/SGS_LP_Universe_StoneArc_23.uasset" 437
"../../../YourFirstProject/Content/Models/Stage/Mesh/SGS_LP_Universe_StoneFormations_28.uasset" 438
"../../../YourFirstProject/Content/Models/Stage/Mesh/SGS_LP_Universe_Trees_3_43.uasset" 439
"../../../YourFirstProject/Content/Models/Stage/Mesh/SGS_LP_Universe_Trees_5_21.uasset" 440
"../../../YourFirstProject/Content/Models/Stage/Mesh/SGS_LP_Vulcanic_Stone_6.uasset" 441
"../../../YourFirstProject/Content/Models/Stage/Mesh/SGS_LP_Water_Plane_1.uasset" 442
"../../../YourFirstProject/Content/Models/Stage/Mesh/SGS_LP_Wood_Platforms_13.uasset" 443
"../../../YourFirstProject/Content/Models/Stage/Mesh/SGS_LP_Wood_Platforms_2.uasset" 444
"../../../YourFirstProject/Content/Particles/Textures/LP_Universe_PartDust_sprite.uasset" 445
"../../../YourFirstProject/Content/Particles/Materials/M_Part_Dust.uasset" 446
"../../../YourFirstProject/Content/Particles/P_Dust_1.uasset" 447
"../../../YourFirstProject/Content/Particles/Textures/LP_Universe_PartFog_sprites.uasset" 448
"../../../YourFirstProject/Content/Particles/Materials/M_Part_Fog.uasset" 449
"../../../YourFirstProject/Content/Particles/P_Smoke_small.uasset" 450
"../../../YourFirstProject/Content/Maps/MainMap.umap" 451
"../../../Engine/Content/BasicShapes/Plane.uasset" 452
"../../../YourFirstProject/Content/Maps/TestMap.umap" 453
"../../../Engine/Content/Maps/Entry.umap" 454
